<?xml version="1.0" encoding="UTF-8"?>
<testng-results ignored="0" total="1" passed="1" failed="0" skipped="0">
  <reporter-output>
  </reporter-output>
  <suite started-at="2022-08-05T10:56:05 GMT+05:30" name="Surefire suite" finished-at="2022-08-05T10:56:05 GMT+05:30" duration-ms="90">
    <groups>
    </groups>
    <test started-at="2022-08-05T10:56:05 GMT+05:30" name="Surefire test" finished-at="2022-08-05T10:56:05 GMT+05:30" duration-ms="90">
      <class name="MileStone2.Milestone2_Artifact.AppTest">
        <test-method signature="shouldAnswerWithTrue()" started-at="2022-08-05T10:56:05 GMT+05:30" name="shouldAnswerWithTrue" finished-at="2022-08-05T10:56:05 GMT+05:30" duration-ms="18" status="PASS">
          <reporter-output>
          </reporter-output>
        </test-method> <!-- shouldAnswerWithTrue -->
      </class> <!-- MileStone2.Milestone2_Artifact.AppTest -->
    </test> <!-- Surefire test -->
  </suite> <!-- Surefire suite -->
</testng-results>
